<?xml version="1.0" encoding="UTF-8" ?>
<testsuites>
<testsuite name="public-google-calendar.js" errors="0" tests="0" failures="0" time="0" timestamp="2016-11-29T11:17:50">
</testsuite>
<testsuite name="public-google-calendar.js.method getEvents" errors="0" tests="7" failures="0" time="5.451" timestamp="2016-11-29T11:17:45">
  <testcase classname="public-google-calendar.js.method getEvents" name="should get calendar data and convert it to JSON" time="0.828"></testcase>
  <testcase classname="public-google-calendar.js.method getEvents" name="should return date-sorted data, by default latest event first" time="0.688"></testcase>
  <testcase classname="public-google-calendar.js.method getEvents" name="should return date-sorted data, earliest event first if required" time="0.64"></testcase>
  <testcase classname="public-google-calendar.js.method getEvents" name="should by default omit events more than three years in the future" time="0.646"></testcase>
  <testcase classname="public-google-calendar.js.method getEvents" name="should accept option &amp;quot;endDate&amp;quot;" time="0.565"></testcase>
  <testcase classname="public-google-calendar.js.method getEvents" name="should by default expand recurring events" time="0.701"></testcase>
  <testcase classname="public-google-calendar.js.method getEvents" name="should not expand recurring events when &amp;quot;expandRecurring&amp;quot; is set to false" time="0.432"></testcase>
</testsuite>
<testsuite name="public-google-calendar.js.method getEvents.expanded events" errors="0" tests="1" failures="0" time="0.948" timestamp="2016-11-29T11:17:49">
  <testcase classname="public-google-calendar.js.method getEvents.expanded events" name="should contain reference to the base event of the series" time="0.948"></testcase>
</testsuite>
</testsuites>